2025-10-02 19:37:06,807 [INFO] telegram_bot: 🚀 Telegram bot started
2025-10-02 19:37:06,808 [INFO] aiogram.dispatcher: Start polling
2025-10-02 19:37:07,013 [INFO] aiogram.dispatcher: Run polling for bot @PulseAIDigest_bot id=8062922612 - 'PulseAI'
2025-10-02 19:37:11,196 [ERROR] aiogram.dispatcher: Failed to fetch updates - TelegramConflictError: Telegram server says - Conflict: terminated by other getUpdates request; make sure that only one bot instance is running
2025-10-02 19:37:11,198 [WARNING] aiogram.dispatcher: Sleep for 1.000000 seconds and try again... (tryings = 0, bot id = 8062922612)
2025-10-02 19:37:16,627 [ERROR] aiogram.dispatcher: Failed to fetch updates - TelegramConflictError: Telegram server says - Conflict: terminated by other getUpdates request; make sure that only one bot instance is running
2025-10-02 19:37:16,629 [WARNING] aiogram.dispatcher: Sleep for 1.405272 seconds and try again... (tryings = 1, bot id = 8062922612)
2025-10-02 19:37:22,910 [ERROR] aiogram.dispatcher: Failed to fetch updates - TelegramConflictError: Telegram server says - Conflict: terminated by other getUpdates request; make sure that only one bot instance is running
2025-10-02 19:37:22,911 [WARNING] aiogram.dispatcher: Sleep for 1.921692 seconds and try again... (tryings = 2, bot id = 8062922612)
2025-10-02 19:37:30,161 [ERROR] aiogram.dispatcher: Failed to fetch updates - TelegramConflictError: Telegram server says - Conflict: terminated by other getUpdates request; make sure that only one bot instance is running
2025-10-02 19:37:30,163 [WARNING] aiogram.dispatcher: Sleep for 2.545514 seconds and try again... (tryings = 3, bot id = 8062922612)
2025-10-02 19:37:38,404 [ERROR] aiogram.dispatcher: Failed to fetch updates - TelegramConflictError: Telegram server says - Conflict: terminated by other getUpdates request; make sure that only one bot instance is running
2025-10-02 19:37:38,405 [WARNING] aiogram.dispatcher: Sleep for 3.506511 seconds and try again... (tryings = 4, bot id = 8062922612)
2025-10-02 19:37:45,325 [ERROR] aiogram.dispatcher: Failed to fetch updates - TelegramConflictError: Telegram server says - Conflict: terminated by other getUpdates request; make sure that only one bot instance is running
2025-10-02 19:37:45,327 [WARNING] aiogram.dispatcher: Sleep for 4.425366 seconds and try again... (tryings = 5, bot id = 8062922612)
2025-10-02 19:37:54,251 [ERROR] aiogram.dispatcher: Failed to fetch updates - TelegramConflictError: Telegram server says - Conflict: terminated by other getUpdates request; make sure that only one bot instance is running
2025-10-02 19:37:54,253 [WARNING] aiogram.dispatcher: Sleep for 4.996066 seconds and try again... (tryings = 6, bot id = 8062922612)
2025-10-02 19:38:03,469 [ERROR] aiogram.dispatcher: Failed to fetch updates - TelegramConflictError: Telegram server says - Conflict: terminated by other getUpdates request; make sure that only one bot instance is running
2025-10-02 19:38:03,471 [WARNING] aiogram.dispatcher: Sleep for 4.943329 seconds and try again... (tryings = 7, bot id = 8062922612)
2025-10-02 19:38:12,636 [ERROR] aiogram.dispatcher: Failed to fetch updates - TelegramConflictError: Telegram server says - Conflict: terminated by other getUpdates request; make sure that only one bot instance is running
2025-10-02 19:38:12,637 [WARNING] aiogram.dispatcher: Sleep for 5.101801 seconds and try again... (tryings = 8, bot id = 8062922612)
2025-10-02 19:38:22,290 [ERROR] aiogram.dispatcher: Failed to fetch updates - TelegramConflictError: Telegram server says - Conflict: terminated by other getUpdates request; make sure that only one bot instance is running
2025-10-02 19:38:22,292 [WARNING] aiogram.dispatcher: Sleep for 5.132736 seconds and try again... (tryings = 9, bot id = 8062922612)
2025-10-02 19:38:32,439 [ERROR] aiogram.dispatcher: Failed to fetch updates - TelegramConflictError: Telegram server says - Conflict: terminated by other getUpdates request; make sure that only one bot instance is running
2025-10-02 19:38:32,441 [WARNING] aiogram.dispatcher: Sleep for 5.175496 seconds and try again... (tryings = 10, bot id = 8062922612)
2025-10-02 19:38:43,311 [ERROR] aiogram.dispatcher: Failed to fetch updates - TelegramConflictError: Telegram server says - Conflict: terminated by other getUpdates request; make sure that only one bot instance is running
2025-10-02 19:38:43,319 [WARNING] aiogram.dispatcher: Sleep for 5.163367 seconds and try again... (tryings = 11, bot id = 8062922612)
2025-10-02 19:38:51,888 [ERROR] aiogram.dispatcher: Failed to fetch updates - TelegramConflictError: Telegram server says - Conflict: terminated by other getUpdates request; make sure that only one bot instance is running
2025-10-02 19:38:51,891 [WARNING] aiogram.dispatcher: Sleep for 4.851483 seconds and try again... (tryings = 12, bot id = 8062922612)
2025-10-02 19:39:01,012 [ERROR] aiogram.dispatcher: Failed to fetch updates - TelegramConflictError: Telegram server says - Conflict: terminated by other getUpdates request; make sure that only one bot instance is running
2025-10-02 19:39:01,015 [WARNING] aiogram.dispatcher: Sleep for 4.925469 seconds and try again... (tryings = 13, bot id = 8062922612)
2025-10-02 19:39:11,142 [ERROR] aiogram.dispatcher: Failed to fetch updates - TelegramConflictError: Telegram server says - Conflict: terminated by other getUpdates request; make sure that only one bot instance is running
2025-10-02 19:39:11,143 [WARNING] aiogram.dispatcher: Sleep for 5.023508 seconds and try again... (tryings = 14, bot id = 8062922612)
2025-10-02 19:39:21,406 [ERROR] aiogram.dispatcher: Failed to fetch updates - TelegramConflictError: Telegram server says - Conflict: terminated by other getUpdates request; make sure that only one bot instance is running
2025-10-02 19:39:21,409 [WARNING] aiogram.dispatcher: Sleep for 4.980072 seconds and try again... (tryings = 15, bot id = 8062922612)
2025-10-02 19:39:32,178 [ERROR] aiogram.dispatcher: Failed to fetch updates - TelegramConflictError: Telegram server says - Conflict: terminated by other getUpdates request; make sure that only one bot instance is running
2025-10-02 19:39:32,306 [WARNING] aiogram.dispatcher: Sleep for 4.959401 seconds and try again... (tryings = 16, bot id = 8062922612)
2025-10-02 19:39:42,468 [ERROR] aiogram.dispatcher: Failed to fetch updates - TelegramConflictError: Telegram server says - Conflict: terminated by other getUpdates request; make sure that only one bot instance is running
2025-10-02 19:39:42,469 [WARNING] aiogram.dispatcher: Sleep for 5.116595 seconds and try again... (tryings = 17, bot id = 8062922612)
2025-10-02 19:39:52,765 [ERROR] aiogram.dispatcher: Failed to fetch updates - TelegramConflictError: Telegram server says - Conflict: terminated by other getUpdates request; make sure that only one bot instance is running
2025-10-02 19:39:52,770 [WARNING] aiogram.dispatcher: Sleep for 5.107309 seconds and try again... (tryings = 18, bot id = 8062922612)
2025-10-02 19:40:03,437 [ERROR] aiogram.dispatcher: Failed to fetch updates - TelegramConflictError: Telegram server says - Conflict: terminated by other getUpdates request; make sure that only one bot instance is running
2025-10-02 19:40:03,442 [WARNING] aiogram.dispatcher: Sleep for 4.988736 seconds and try again... (tryings = 19, bot id = 8062922612)
2025-10-02 19:40:13,869 [ERROR] aiogram.dispatcher: Failed to fetch updates - TelegramConflictError: Telegram server says - Conflict: terminated by other getUpdates request; make sure that only one bot instance is running
2025-10-02 19:40:13,874 [WARNING] aiogram.dispatcher: Sleep for 5.063501 seconds and try again... (tryings = 20, bot id = 8062922612)
2025-10-02 19:40:24,637 [ERROR] aiogram.dispatcher: Failed to fetch updates - TelegramConflictError: Telegram server says - Conflict: terminated by other getUpdates request; make sure that only one bot instance is running
2025-10-02 19:40:24,639 [WARNING] aiogram.dispatcher: Sleep for 4.969744 seconds and try again... (tryings = 21, bot id = 8062922612)
2025-10-02 19:40:35,514 [ERROR] aiogram.dispatcher: Failed to fetch updates - TelegramConflictError: Telegram server says - Conflict: terminated by other getUpdates request; make sure that only one bot instance is running
2025-10-02 19:40:35,520 [WARNING] aiogram.dispatcher: Sleep for 4.968582 seconds and try again... (tryings = 22, bot id = 8062922612)
2025-10-02 19:40:44,240 [ERROR] aiogram.dispatcher: Failed to fetch updates - TelegramConflictError: Telegram server says - Conflict: terminated by other getUpdates request; make sure that only one bot instance is running
2025-10-02 19:40:44,242 [WARNING] aiogram.dispatcher: Sleep for 5.056651 seconds and try again... (tryings = 23, bot id = 8062922612)
2025-10-02 19:40:53,056 [ERROR] aiogram.dispatcher: Failed to fetch updates - TelegramConflictError: Telegram server says - Conflict: terminated by other getUpdates request; make sure that only one bot instance is running
2025-10-02 19:40:53,063 [WARNING] aiogram.dispatcher: Sleep for 4.945283 seconds and try again... (tryings = 24, bot id = 8062922612)
2025-10-02 19:41:02,585 [ERROR] aiogram.dispatcher: Failed to fetch updates - TelegramConflictError: Telegram server says - Conflict: terminated by other getUpdates request; make sure that only one bot instance is running
2025-10-02 19:41:02,587 [WARNING] aiogram.dispatcher: Sleep for 5.054910 seconds and try again... (tryings = 25, bot id = 8062922612)
2025-10-02 19:41:12,119 [ERROR] aiogram.dispatcher: Failed to fetch updates - TelegramConflictError: Telegram server says - Conflict: terminated by other getUpdates request; make sure that only one bot instance is running
2025-10-02 19:41:12,127 [WARNING] aiogram.dispatcher: Sleep for 4.956159 seconds and try again... (tryings = 26, bot id = 8062922612)
2025-10-02 19:41:20,166 [ERROR] aiogram.dispatcher: Failed to fetch updates - TelegramConflictError: Telegram server says - Conflict: terminated by other getUpdates request; make sure that only one bot instance is running
2025-10-02 19:41:20,167 [WARNING] aiogram.dispatcher: Sleep for 5.049120 seconds and try again... (tryings = 27, bot id = 8062922612)
2025-10-02 19:41:29,341 [ERROR] aiogram.dispatcher: Failed to fetch updates - TelegramConflictError: Telegram server says - Conflict: terminated by other getUpdates request; make sure that only one bot instance is running
2025-10-02 19:41:29,343 [WARNING] aiogram.dispatcher: Sleep for 4.884598 seconds and try again... (tryings = 28, bot id = 8062922612)
2025-10-02 19:41:37,724 [ERROR] aiogram.dispatcher: Failed to fetch updates - TelegramConflictError: Telegram server says - Conflict: terminated by other getUpdates request; make sure that only one bot instance is running
2025-10-02 19:41:37,725 [WARNING] aiogram.dispatcher: Sleep for 4.961313 seconds and try again... (tryings = 29, bot id = 8062922612)
2025-10-02 19:41:46,011 [ERROR] aiogram.dispatcher: Failed to fetch updates - TelegramConflictError: Telegram server says - Conflict: terminated by other getUpdates request; make sure that only one bot instance is running
2025-10-02 19:41:46,014 [WARNING] aiogram.dispatcher: Sleep for 4.971319 seconds and try again... (tryings = 30, bot id = 8062922612)
2025-10-02 19:41:56,094 [ERROR] aiogram.dispatcher: Failed to fetch updates - TelegramConflictError: Telegram server says - Conflict: terminated by other getUpdates request; make sure that only one bot instance is running
2025-10-02 19:41:56,097 [WARNING] aiogram.dispatcher: Sleep for 5.032962 seconds and try again... (tryings = 31, bot id = 8062922612)
2025-10-02 19:42:02,642 [ERROR] aiogram.dispatcher: Failed to fetch updates - TelegramConflictError: Telegram server says - Conflict: terminated by other getUpdates request; make sure that only one bot instance is running
2025-10-02 19:42:02,646 [WARNING] aiogram.dispatcher: Sleep for 4.882881 seconds and try again... (tryings = 32, bot id = 8062922612)
2025-10-02 19:42:11,178 [ERROR] aiogram.dispatcher: Failed to fetch updates - TelegramConflictError: Telegram server says - Conflict: terminated by other getUpdates request; make sure that only one bot instance is running
2025-10-02 19:42:11,180 [WARNING] aiogram.dispatcher: Sleep for 5.123376 seconds and try again... (tryings = 33, bot id = 8062922612)
2025-10-02 19:42:19,861 [ERROR] aiogram.dispatcher: Failed to fetch updates - TelegramConflictError: Telegram server says - Conflict: terminated by other getUpdates request; make sure that only one bot instance is running
2025-10-02 19:42:19,863 [WARNING] aiogram.dispatcher: Sleep for 5.045423 seconds and try again... (tryings = 34, bot id = 8062922612)
2025-10-02 19:42:27,148 [WARNING] aiogram.dispatcher: Received SIGTERM signal
2025-10-02 19:42:27,203 [INFO] aiogram.dispatcher: Polling stopped for bot @PulseAIDigest_bot id=8062922612 - 'PulseAI'
2025-10-02 19:42:27,212 [INFO] aiogram.dispatcher: Polling stopped
