2025-09-18 17:36:51,958 [INFO] Загружаем новости из 2 источников (crypto)...
2025-09-18 17:36:52,841 [INFO] Ограничение: берём только 2 новостей
2025-09-18 17:36:52,841 [INFO] Получено 2 новостей. Записываем в базу...
2025-09-18 17:36:53,272 [INFO] Готово ✅
2025-09-18 17:45:55,990 [INFO] Загружаем новости из 2 источников (crypto)...
2025-09-18 17:45:56,960 [INFO] Ограничение: берём только 5 новостей
2025-09-18 17:45:56,960 [INFO] Получено 5 новостей. Записываем в базу...
2025-09-18 17:45:58,081 [INFO] Готово ✅
2025-09-18 17:51:38,212 [INFO] Загружаем новости из 2 источников (crypto)...
2025-09-18 17:51:38,832 [INFO] Ограничение: берём только 2 новостей
2025-09-18 17:51:38,832 [INFO] Получено 2 новостей. Записываем в базу...
2025-09-18 17:51:39,287 [INFO] Готово ✅
2025-09-18 17:55:11,262 [INFO] Загружаем новости из 2 источников (crypto)...
2025-09-18 17:55:11,965 [INFO] Ограничение: берём только 20 новостей
2025-09-18 17:55:11,965 [INFO] Получено 20 новостей. Записываем в базу...
2025-09-18 17:55:14,548 [INFO] Готово ✅
2025-09-18 17:55:22,037 [INFO] Загружаем новости из 2 источников (economy)...
2025-09-18 17:55:23,175 [INFO] Ограничение: берём только 20 новостей
2025-09-18 17:55:23,176 [INFO] Получено 20 новостей. Записываем в базу...
2025-09-18 17:55:25,048 [INFO] Готово ✅
2025-09-19 15:55:57,127 [INFO] Генерация дайджеста (последние 5 новостей)...
2025-09-19 15:56:11,894 [INFO] Генерация дайджеста (последние 10 новостей)...
